
  .   ____          _            __ _ _
 /\\ / ___'_ __ _ _(_)_ __  __ _ \ \ \ \
( ( )\___ | '_ | '_| | '_ \/ _` | \ \ \ \
 \\/  ___)| |_)| | | | | || (_| |  ) ) ) )
  '  |____| .__|_| |_|_| |_\__, | / / / /
 =========|_|==============|___/=/_/_/_/

 :: Spring Boot ::                (v3.5.7)

2025-11-07T22:05:11.442+05:30  INFO 5648 --- [Velvet] [           main] com.velvet.investing.VelvetApplication   : Starting VelvetApplication v0.0.1-SNAPSHOT using Java 17.0.10 with PID 5648 (F:\backup\Velvet\target\Velvet-0.0.1-SNAPSHOT.jar started by Gunjan in f:\backup\Velvet)
2025-11-07T22:05:11.447+05:30  INFO 5648 --- [Velvet] [           main] com.velvet.investing.VelvetApplication   : No active profile set, falling back to 1 default profile: "default"
2025-11-07T22:05:13.881+05:30  INFO 5648 --- [Velvet] [           main] .s.d.r.c.RepositoryConfigurationDelegate : Bootstrapping Spring Data JPA repositories in DEFAULT mode.
2025-11-07T22:05:14.044+05:30  INFO 5648 --- [Velvet] [           main] .s.d.r.c.RepositoryConfigurationDelegate : Finished Spring Data repository scanning in 142 ms. Found 9 JPA repository interfaces.
2025-11-07T22:05:15.869+05:30  INFO 5648 --- [Velvet] [           main] o.s.b.w.embedded.tomcat.TomcatWebServer  : Tomcat initialized with port 8080 (http)
2025-11-07T22:05:15.892+05:30  INFO 5648 --- [Velvet] [           main] o.apache.catalina.core.StandardService   : Starting service [Tomcat]
2025-11-07T22:05:15.893+05:30  INFO 5648 --- [Velvet] [           main] o.apache.catalina.core.StandardEngine    : Starting Servlet engine: [Apache Tomcat/10.1.48]
2025-11-07T22:05:15.963+05:30  INFO 5648 --- [Velvet] [           main] o.a.c.c.C.[Tomcat].[localhost].[/]       : Initializing Spring embedded WebApplicationContext
2025-11-07T22:05:15.964+05:30  INFO 5648 --- [Velvet] [           main] w.s.c.ServletWebServerApplicationContext : Root WebApplicationContext: initialization completed in 4394 ms
2025-11-07T22:05:16.243+05:30  INFO 5648 --- [Velvet] [           main] o.hibernate.jpa.internal.util.LogHelper  : HHH000204: Processing PersistenceUnitInfo [name: default]
2025-11-07T22:05:16.377+05:30  INFO 5648 --- [Velvet] [           main] org.hibernate.Version                    : HHH000412: Hibernate ORM core version 6.6.33.Final
2025-11-07T22:05:16.500+05:30  INFO 5648 --- [Velvet] [           main] o.h.c.internal.RegionFactoryInitiator    : HHH000026: Second-level cache disabled
2025-11-07T22:05:17.144+05:30  INFO 5648 --- [Velvet] [           main] o.s.o.j.p.SpringPersistenceUnitInfo      : No LoadTimeWeaver setup: ignoring JPA class transformer
2025-11-07T22:05:17.215+05:30  INFO 5648 --- [Velvet] [           main] com.zaxxer.hikari.HikariDataSource       : HikariPool-1 - Starting...
2025-11-07T22:05:17.605+05:30  INFO 5648 --- [Velvet] [           main] com.zaxxer.hikari.pool.HikariPool        : HikariPool-1 - Added connection conn0: url=jdbc:h2:mem:testdb user=SA
2025-11-07T22:05:17.608+05:30  INFO 5648 --- [Velvet] [           main] com.zaxxer.hikari.HikariDataSource       : HikariPool-1 - Start completed.
2025-11-07T22:05:17.650+05:30  WARN 5648 --- [Velvet] [           main] org.hibernate.orm.deprecation            : HHH90000025: H2Dialect does not need to be specified explicitly using 'hibernate.dialect' (remove the property setting and it will be selected by default)
2025-11-07T22:05:17.697+05:30  INFO 5648 --- [Velvet] [           main] org.hibernate.orm.connections.pooling    : HHH10001005: Database info:
	Database JDBC URL [Connecting through datasource 'HikariDataSource (HikariPool-1)']
	Database driver: undefined/unknown
	Database version: 2.3.232
	Autocommit mode: undefined/unknown
	Isolation level: undefined/unknown
	Minimum pool size: undefined/unknown
	Maximum pool size: undefined/unknown
2025-11-07T22:05:19.416+05:30  INFO 5648 --- [Velvet] [           main] o.h.e.t.j.p.i.JtaPlatformInitiator       : HHH000489: No JTA platform available (set 'hibernate.transaction.jta.platform' to enable JTA platform integration)
Hibernate: drop table if exists asset_info cascade 
Hibernate: drop table if exists financial_info cascade 
Hibernate: drop table if exists goals cascade 
Hibernate: drop table if exists insurance cascade 
Hibernate: drop table if exists liability_info cascade 
Hibernate: drop table if exists loans cascade 
Hibernate: drop table if exists onboarding_completion cascade 
Hibernate: drop table if exists onboarding_data cascade 
Hibernate: drop table if exists users cascade 
Hibernate: create table asset_info (cash_and_bank float(53), fixed_deposits float(53), gold float(53), mutual_funds float(53), real_estate float(53), stocks float(53), id bigint generated by default as identity, user_id varchar(255), primary key (id))
Hibernate: create table financial_info (annual_income float(53), monthly_food float(53), monthly_housing float(53), monthly_others float(53), monthly_transport float(53), id bigint generated by default as identity, user_id varchar(255), primary key (id))
Hibernate: create table goals (current_expenses float(53), life_expectancy integer, target_amount float(53), target_year integer, id bigint generated by default as identity, category varchar(255), goal_id varchar(255), name varchar(255), user_id varchar(255), primary key (id))
Hibernate: create table insurance (critical_illness float(53), health float(53), term_life float(53), id bigint generated by default as identity, user_id varchar(255), primary key (id))
Hibernate: create table liability_info (credit_card float(53), credit_card_min_payment float(53), home_loan float(53), homeemi float(53), personal_loan float(53), personalemi float(53), vehicle_loan float(53), vehicleemi float(53), id bigint generated by default as identity, user_id varchar(255), primary key (id))
Hibernate: create table loans (emi float(53), outstanding_amount float(53), tenure_months integer, id bigint generated by default as identity, custom_name varchar(255), loan_id varchar(255), type varchar(255), user_id varchar(255), primary key (id))
Hibernate: create table onboarding_completion (completed_at timestamp(6) with time zone, id bigint generated by default as identity, user_id varchar(255), primary key (id))
Hibernate: create table onboarding_data (retirement_year integer not null check (retirement_year>=1900), id bigint generated by default as identity, city varchar(255) not null, date_of_birth varchar(255) not null, email varchar(255), mobile_number varchar(255), name varchar(255) not null, primary key (id))
Hibernate: create table users (id varchar(4) not null, retirement_year integer, created_at timestamp(6) with time zone, updated_at timestamp(6) with time zone, username varchar(50) not null unique, email varchar(100) not null unique, password varchar(100) not null, city varchar(255), date_of_birth varchar(255), mobile_number varchar(255), name varchar(255), primary key (id))
2025-11-07T22:05:19.499+05:30  INFO 5648 --- [Velvet] [           main] j.LocalContainerEntityManagerFactoryBean : Initialized JPA EntityManagerFactory for persistence unit 'default'
2025-11-07T22:05:20.463+05:30  INFO 5648 --- [Velvet] [           main] eAuthenticationProviderManagerConfigurer : Global AuthenticationManager configured with AuthenticationProvider bean with name authenticationProvider
2025-11-07T22:05:20.464+05:30  WARN 5648 --- [Velvet] [           main] r$InitializeUserDetailsManagerConfigurer : Global AuthenticationManager configured with an AuthenticationProvider bean. UserDetailsService beans will not be used by Spring Security for automatically configuring username/password login. Consider removing the AuthenticationProvider bean. Alternatively, consider using the UserDetailsService in a manually instantiated DaoAuthenticationProvider. If the current configuration is intentional, to turn off this warning, increase the logging level of 'org.springframework.security.config.annotation.authentication.configuration.InitializeUserDetailsBeanManagerConfigurer' to ERROR
2025-11-07T22:05:20.967+05:30  WARN 5648 --- [Velvet] [           main] JpaBaseConfiguration$JpaWebConfiguration : spring.jpa.open-in-view is enabled by default. Therefore, database queries may be performed during view rendering. Explicitly configure spring.jpa.open-in-view to disable this warning
2025-11-07T22:05:22.228+05:30  INFO 5648 --- [Velvet] [           main] o.s.b.a.h2.H2ConsoleAutoConfiguration    : H2 console available at '/h2-console'. Database available at 'jdbc:h2:mem:testdb'
2025-11-07T22:05:22.362+05:30  WARN 5648 --- [Velvet] [           main] ConfigServletWebServerApplicationContext : Exception encountered during context initialization - cancelling refresh attempt: org.springframework.context.ApplicationContextException: Failed to start bean 'webServerStartStop'
2025-11-07T22:05:22.369+05:30  INFO 5648 --- [Velvet] [           main] j.LocalContainerEntityManagerFactoryBean : Closing JPA EntityManagerFactory for persistence unit 'default'
Hibernate: drop table if exists asset_info cascade 
Hibernate: drop table if exists financial_info cascade 
Hibernate: drop table if exists goals cascade 
Hibernate: drop table if exists insurance cascade 
Hibernate: drop table if exists liability_info cascade 
Hibernate: drop table if exists loans cascade 
Hibernate: drop table if exists onboarding_completion cascade 
Hibernate: drop table if exists onboarding_data cascade 
Hibernate: drop table if exists users cascade 
2025-11-07T22:05:22.388+05:30  INFO 5648 --- [Velvet] [           main] com.zaxxer.hikari.HikariDataSource       : HikariPool-1 - Shutdown initiated...
2025-11-07T22:05:22.423+05:30  INFO 5648 --- [Velvet] [           main] com.zaxxer.hikari.HikariDataSource       : HikariPool-1 - Shutdown completed.
2025-11-07T22:05:22.459+05:30  INFO 5648 --- [Velvet] [           main] .s.b.a.l.ConditionEvaluationReportLogger : 

Error starting ApplicationContext. To display the condition evaluation report re-run your application with 'debug' enabled.
2025-11-07T22:05:22.520+05:30 ERROR 5648 --- [Velvet] [           main] o.s.b.d.LoggingFailureAnalysisReporter   : 

***************************
APPLICATION FAILED TO START
***************************

Description:

Web server failed to start. Port 8080 was already in use.

Action:

Identify and stop the process that's listening on port 8080 or configure this application to listen on another port.

